1   C L X  8 4   55 MeV 16O-->152Sm (target ex.)         


 PARAMETERS OF THIS CALCULATION :


 PROJECTILE : CHARGE =  8 , MASS =  16.000,  ENERGY (LAB) =   55.00MeV

 TARGET : CHARGE = 62 , MASS = 152.000

 SCATTERING ANGLES :162.00 DEGREES TO 162.00 DEGREES BY   1.00 DEGREES 

 NUMBER OF STATES : 12 MULTIPOLARITIES : 
                   E2, 

 E1-POLARIZATION = 0.00500

 OUTPUT CONTROLS : OUCNTL = 1, OUPSI = 1, OUAMP = 1, OUPROW = 0
                   OUMEM = 1,OUTENS = 1, OUPN = 1, OUDCY = 1

 MAX. ABSOLUTE VALUE OF M-QUANTUM NUMBER : 10.0

 ACCURACY OF INTEGRATION :    0.100000E-07

 SMALLEST DISTANCE BETWEEN NUCLEAR CENTERS IN HEAD-ON
 COLLISIONS =  14.35 fm, INITIAL PROJECTILE VELOCITY = 8.6% c

 SOMMERFELD PARAMETER ETA =  42.13

 MAXIMUM ALLOWABLE XI =   6.000    , LARGEST XI FOUND =  0.5409    
1   C L X  8 4   55 MeV 16O-->152Sm (target ex.)         


 STATES KNOWN IN THIS CALCULATION

  N   ENERGY [MeV]   SPIN    PARITY     K

  1      0.0000       0.0      1       0.0
  2      0.1220       2.0      1       0.0
  3      0.3660       4.0      1       0.0
  4      0.7060       6.0      1       0.0
  5      1.1250       8.0      1       0.0
  6      1.6090      10.0      1       0.0
  7      2.1480      12.0      1       0.0
  8      0.6840       0.0      1       0.0
  9      0.8100       2.0      1       0.0
 10      1.0220       4.0      1       0.0
 11      1.0850       2.0      1       0.0
 12      1.3710       4.0      1       0.0
1   C L X  8 4   55 MeV 16O-->152Sm (target ex.)         


 MATRIX ME2(N,M) IN e*b**2

   M    1       2       3       4       5       6       7       8       N
  1  0.0000  1.1900  0.0000  0.0000  0.0000  0.0000  0.0000  0.0000
  0.1000
  2  1.1900  0.0000  1.9300  0.0000  0.0000  0.0000  0.0000  0.2600
  0.2300
  3  0.0000  1.9300  0.0000  2.5100  0.0000  0.0000  0.0000  0.0000
  0.5800
  4  0.0000  0.0000  2.5100  0.0000  3.1000  0.0000  0.0000  0.0000
  0.0000
  5  0.0000  0.0000  0.0000  3.1000  0.0000  3.6500  0.0000  0.0000
  0.0000
  6  0.0000  0.0000  0.0000  0.0000  3.6500  0.0000  4.2200  0.0000
  0.0000
  7  0.0000  0.0000  0.0000  0.0000  0.0000  4.2200  0.0000  0.0000
  0.0000
  8  0.0000  0.2600  0.0000  0.0000  0.0000  0.0000  0.0000  0.0000
  2.2700
  9  0.1000  0.2300  0.5800  0.0000  0.0000  0.0000  0.0000  2.2700
  0.0000
 10  0.0000  0.1500  0.4000  0.3300  0.0000  0.0000  0.0000  0.0000
  2.6700
 11  0.1900  0.3000  0.0000  0.0000  0.0000  0.0000  0.0000  0.0000
  0.0900
 12  0.0000  0.1000  0.3100  0.1500  0.0000  0.0000  0.0000  0.0000
  0.0600
   M    9      10      11      12      13      14      15      16       N
  1  0.1000  0.0000  0.1900  0.0000
  2  0.2300  0.1500  0.3000  0.1000
  3  0.5800  0.4000  0.0000  0.3100
  4  0.0000  0.3300  0.0000  0.1500
  5  0.0000  0.0000  0.0000  0.0000
  6  0.0000  0.0000  0.0000  0.0000
  7  0.0000  0.0000  0.0000  0.0000
  8  2.2700  0.0000  0.0000  0.0000
  9  0.0000  2.6700  0.0900  0.0600
 10  2.6700  0.0000  0.0000  0.0000
 11  0.0900  0.0000  0.0000  0.9400
 12  0.0600  0.0000  0.9400  0.0000

 TOTAL NUMBER OF MAGNETIC SUBSTATES =   116

 TOTAL NUMBER OF ELEMENTS IN ZETA ARRAY =   824
1   C L X  8 4   55 MeV 16O-->152Sm (target ex.)         


  PSI-MATRIX FOR E2

  N      M         PSI(N,M)

  1      2          0.7408    
  1      9          0.6160E-01
  1     11          0.1165    
  2      1          0.7408    
  2      3           1.195    
  2      8          0.1602    
  2      9          0.1414    
  2     10          0.9193E-01
  2     11          0.1837    
  2     12          0.6096E-01
  3      2           1.195    
  3      4           1.540    
  3      9          0.3553    
  3     10          0.2442    
  3     12          0.1883    
  4      3           1.540    
  4      5           1.880    
  4     10          0.2005    
  4     12          0.9063E-01
  5      4           1.880    
  5      6           2.183    
  6      5           2.183    
  6      7           2.484    
  7      6           2.484    
  8      2          0.1602    
  8      9           1.384    
  9      1          0.6160E-01
  9      2          0.1414    
  9      3          0.3553    
  9      8           1.384    
  9     10           1.619    
  9     11          0.5453E-01
  9     12          0.3619E-01
 10      2          0.9193E-01
 10      3          0.2442    
 10      4          0.2005    
 10      9           1.619    
 11      1          0.1165    
 11      2          0.1837    
 11      9          0.5453E-01
 11     12          0.5647    
 12      2          0.6096E-01
 12      3          0.1883    
 12      4          0.9063E-01
 12      9          0.3619E-01
 12     11          0.5647    
1   C L X  8 4   55 MeV 16O-->152Sm (target ex.)         


 THETA = 162.00 DEGREES

 ECCENTRICITY OF HYPERBOLA =  1.012 DISTANCE OF CLOSEST APPROACH IS    14.44 fm

 RANGE OF INTEGRATION : W = -  9.20 TO +  9.20 INITIAL STEP WIDTH, D2W =  0.04425
 AT W =  -8.628 STEPWIDTH WAS DOUBLED TO BE  0.08850
 AT W =  -7.389 STEPWIDTH WAS HALVED TO BE  0.04425
 AT W =  -7.212 STEPWIDTH WAS HALVED TO BE  0.02212
 AT W =  -6.527 STEPWIDTH WAS HALVED TO BE  0.01106
 AT W =  -4.967 STEPWIDTH WAS DOUBLED TO BE  0.02212
 AT W =  -3.175 STEPWIDTH WAS DOUBLED TO BE  0.04425
 AT W =   3.551 STEPWIDTH WAS HALVED TO BE  0.02212
 AT W =   5.476 STEPWIDTH WAS HALVED TO BE  0.01106
 AT W =   8.805 STEPWIDTH WAS DOUBLED TO BE  0.02212
 AT W =   9.137 STEPWIDTH WAS DOUBLED TO BE  0.04425
INTEGRATION COMPLETE

 LARGEST DEVIATION FROM 1 = 0.9293E-07 FINAL DEVIATION FROM 1 =  0.1129E-07
1   C L X  8 4   55 MeV 16O-->152Sm (target ex.)         


 FINAL AMPLITUDES

 SPIN     M    REAL AMPLITUDE  IMAG AMPLITUDE  POPULATION

  0.0     0.0    0.7632          0.3979E-01      0.5841    
  2.0    -2.0   -0.1165E-03      0.1657E-02      0.2758E-05
  2.0    -1.0   -0.4965E-03      0.7144E-02      0.5128E-04
  2.0     0.0    0.2045E-01     -0.6095          0.3719    
  2.0     1.0   -0.4965E-03      0.7144E-02      0.5128E-04
  2.0     2.0   -0.1165E-03      0.1657E-02      0.2758E-05
  4.0    -4.0   -0.1806E-05     -0.3542E-06      0.3387E-11
  4.0    -3.0   -0.1838E-04     -0.3736E-05      0.3519E-09
  4.0    -2.0    0.5887E-03      0.3506E-04      0.3478E-06
  4.0    -1.0    0.6464E-02      0.1136E-02      0.4308E-04
  4.0     0.0   -0.1892         -0.1952E-01      0.3618E-01
  4.0     1.0    0.6464E-02      0.1136E-02      0.4308E-04
  4.0     2.0    0.5887E-03      0.3506E-04      0.3478E-06
  4.0     3.0   -0.1838E-04     -0.3736E-05      0.3519E-09
  4.0     4.0   -0.1806E-05     -0.3542E-06      0.3387E-11
  6.0    -6.0    0.4461E-09     -0.1156E-08      0.1536E-17
  6.0    -5.0    0.7015E-08     -0.2015E-07      0.4552E-15
  6.0    -4.0   -0.2386E-07      0.2944E-06      0.8725E-13
  6.0    -3.0   -0.2144E-05      0.8761E-05      0.8135E-10
  6.0    -2.0    0.6806E-06     -0.1077E-03      0.1160E-07
  6.0    -1.0    0.6952E-03     -0.2278E-02      0.5670E-05
  6.0     0.0   -0.7669E-02      0.3667E-01      0.1404E-02
  6.0     1.0    0.6952E-03     -0.2278E-02      0.5670E-05
  6.0     2.0    0.6806E-06     -0.1077E-03      0.1160E-07
  6.0     3.0   -0.2144E-05      0.8761E-05      0.8135E-10
  6.0     4.0   -0.2386E-07      0.2944E-06      0.8725E-13
  6.0     5.0    0.7015E-08     -0.2015E-07      0.4552E-15
  6.0     6.0    0.4461E-09     -0.1156E-08      0.1536E-17
  8.0    -8.0    0.5007E-12      0.3598E-12      0.3801E-24
  8.0    -7.0    0.1219E-10      0.7386E-11      0.2032E-21
  8.0    -6.0   -0.4739E-10      0.4521E-11      0.2266E-20
  8.0    -5.0   -0.5726E-08     -0.2004E-08      0.3680E-16
  8.0    -4.0    0.4422E-08     -0.1780E-07      0.3364E-15
  8.0    -3.0    0.2109E-05      0.6607E-06      0.4885E-11
  8.0    -2.0   -0.8744E-05      0.4459E-05      0.9633E-10
  8.0    -1.0   -0.4741E-03     -0.2340E-03      0.2795E-06
  8.0     0.0    0.5067E-02      0.1899E-02      0.2928E-04
  8.0     1.0   -0.4741E-03     -0.2340E-03      0.2795E-06
  8.0     2.0   -0.8744E-05      0.4459E-05      0.9633E-10
  8.0     3.0    0.2109E-05      0.6607E-06      0.4885E-11
  8.0     4.0    0.4422E-08     -0.1780E-07      0.3364E-15
  8.0     5.0   -0.5726E-08     -0.2004E-08      0.3680E-16
  8.0     6.0   -0.4739E-10      0.4521E-11      0.2266E-20
  8.0     7.0    0.1219E-10      0.7386E-11      0.2032E-21
  8.0     8.0    0.5007E-12      0.3598E-12      0.3801E-24
 10.0   -10.0   -0.1870E-15      0.1220E-15      0.4987E-31
 10.0    -9.0   -0.4670E-14      0.4524E-14      0.4227E-28
 10.0    -8.0   -0.2802E-13      0.2567E-13      0.1444E-26
 10.0    -7.0    0.1114E-11     -0.2067E-11      0.5515E-23
 10.0    -6.0    0.2024E-10     -0.2430E-10      0.1000E-20
 10.0    -5.0   -0.2482E-09      0.8552E-09      0.7930E-18
 10.0    -4.0   -0.8609E-08      0.8345E-08      0.1438E-15
 10.0    -3.0    0.1099E-06     -0.3186E-06      0.1136E-12
 10.0    -2.0    0.1999E-05     -0.2727E-06      0.4069E-11
 10.0    -1.0   -0.4971E-04      0.6685E-04      0.6940E-08
 10.0     0.0    0.3121E-03     -0.5299E-03      0.3782E-06
 10.0     1.0   -0.4971E-04      0.6685E-04      0.6940E-08
 10.0     2.0    0.1999E-05     -0.2727E-06      0.4069E-11
 10.0     3.0    0.1099E-06     -0.3186E-06      0.1136E-12
 10.0     4.0   -0.8609E-08      0.8345E-08      0.1438E-15
 10.0     5.0   -0.2482E-09      0.8552E-09      0.7930E-18
 10.0     6.0    0.2024E-10     -0.2430E-10      0.1000E-20
 10.0     7.0    0.1114E-11     -0.2067E-11      0.5515E-23
 10.0     8.0   -0.2802E-13      0.2567E-13      0.1444E-26
 10.0     9.0   -0.4670E-14      0.4524E-14      0.4227E-28
 10.0    10.0   -0.1870E-15      0.1220E-15      0.4987E-31
 12.0   -10.0   -0.1756E-16     -0.2242E-16      0.8111E-33
 12.0    -9.0    0.3455E-15      0.2922E-15      0.2047E-30
 12.0    -8.0    0.1441E-13      0.1180E-13      0.3470E-27
 12.0    -7.0   -0.1295E-12      0.2195E-13      0.1726E-25
 12.0    -6.0   -0.6939E-11     -0.4814E-11      0.7133E-22
 12.0    -5.0    0.7155E-10     -0.2243E-10      0.5622E-20
 12.0    -4.0    0.2084E-08      0.1978E-08      0.8254E-17
 12.0    -3.0   -0.3569E-07     -0.6635E-08      0.1318E-14
 12.0    -2.0   -0.1578E-06     -0.4823E-06      0.2575E-12
 12.0    -1.0    0.6987E-05      0.7556E-05      0.1059E-09
 12.0     0.0   -0.4381E-04     -0.3789E-04      0.3355E-08
 12.0     1.0    0.6987E-05      0.7556E-05      0.1059E-09
 12.0     2.0   -0.1578E-06     -0.4823E-06      0.2575E-12
 12.0     3.0   -0.3569E-07     -0.6635E-08      0.1318E-14
 12.0     4.0    0.2084E-08      0.1978E-08      0.8254E-17
 12.0     5.0    0.7155E-10     -0.2243E-10      0.5622E-20
 12.0     6.0   -0.6939E-11     -0.4814E-11      0.7133E-22
 12.0     7.0   -0.1295E-12      0.2195E-13      0.1726E-25
 12.0     8.0    0.1441E-13      0.1180E-13      0.3470E-27
 12.0     9.0    0.3455E-15      0.2922E-15      0.2047E-30
 12.0    10.0   -0.1756E-16     -0.2242E-16      0.8111E-33
  0.0     0.0   -0.5308E-01     -0.1209E-01      0.2964E-02
  2.0    -2.0    0.8704E-04     -0.6311E-04      0.1156E-07
  2.0    -1.0   -0.1073E-02      0.1112E-02      0.2389E-05
  2.0     0.0    0.1701E-01      0.1202E-01      0.4339E-03
  2.0     1.0   -0.1073E-02      0.1112E-02      0.2389E-05
  2.0     2.0    0.8704E-04     -0.6311E-04      0.1156E-07
  4.0    -4.0   -0.3465E-07      0.2532E-06      0.6531E-13
  4.0    -3.0   -0.3710E-05     -0.1706E-05      0.1667E-10
  4.0    -2.0    0.7112E-05     -0.3947E-04      0.1608E-08
  4.0    -1.0    0.1421E-02      0.8869E-03      0.2804E-05
  4.0     0.0   -0.1255E-01     -0.8799E-02      0.2350E-03
  4.0     1.0    0.1421E-02      0.8869E-03      0.2804E-05
  4.0     2.0    0.7112E-05     -0.3947E-04      0.1608E-08
  4.0     3.0   -0.3710E-05     -0.1706E-05      0.1667E-10
  4.0     4.0   -0.3465E-07      0.2532E-06      0.6531E-13
  2.0    -2.0    0.8736E-04      0.8888E-04      0.1553E-07
  2.0    -1.0   -0.8249E-03      0.3683E-02      0.1425E-04
  2.0     0.0    0.1551E-01     -0.4625E-01      0.2380E-02
  2.0     1.0   -0.8249E-03      0.3683E-02      0.1425E-04
  2.0     2.0    0.8736E-04      0.8888E-04      0.1553E-07
  4.0    -4.0   -0.7013E-07      0.1000E-06      0.1493E-13
  4.0    -3.0   -0.2892E-05     -0.4920E-06      0.8603E-11
  4.0    -2.0    0.7359E-05     -0.8732E-05      0.1304E-09
  4.0    -1.0    0.1030E-02      0.1829E-03      0.1095E-05
  4.0     0.0   -0.1029E-01     -0.3474E-02      0.1180E-03
  4.0     1.0    0.1030E-02      0.1829E-03      0.1095E-05
  4.0     2.0    0.7359E-05     -0.8732E-05      0.1304E-09
  4.0     3.0   -0.2892E-05     -0.4920E-06      0.8603E-11
  4.0     4.0   -0.7013E-07      0.1000E-06      0.1493E-13
1   C L X  8 4   55 MeV 16O-->152Sm (target ex.)         


 SCATTERING ANGLE IN CM SYSTEM = 162.00 DEGREES

 LEVEL     EXCITATION     CM CROSS-SECTION 
 INDEX     PROBABILITY       [b/sterad]

   1       0.584108E+00      0.790183E-01
   2       0.372010E+00      0.503874E-01
   3       0.362643E-01      0.492399E-02
   4       0.141516E-02      0.192816E-03
   5       0.298349E-04      0.408248E-05
   6       0.392091E-06      0.539211E-07
   7       0.356724E-08      0.493342E-09
   8       0.296372E-02      0.403717E-03
   9       0.438678E-03      0.598335E-04
  10       0.240623E-03      0.328911E-04
  11       0.240846E-02      0.329428E-03
  12       0.120197E-03      0.164890E-04
1   C L X  8 4   55 MeV 16O-->152Sm (target ex.)         


 THE ANGULAR DISTRIBUTION TENSORS RHOB(N,KA,KAPPA)

 N    KA  KAPPA    REAL RHOB    IMAG RHOB

 2    0     0      0.3720        0.000    
 2    2     2     -0.1048E-02    0.000    
 2    2     1      0.1004E-18  -0.8364E-04
 2    2     0     -0.1988        0.000    
 2    4     4      0.2056E-05    0.000    
 2    4     3       0.000       0.1033E-07
 2    4     2     -0.7273E-03    0.000    
 2    4     1     -0.8144E-19   0.1527E-03
 2    4     0      0.1988        0.000    

 3    0     0      0.3626E-01    0.000    
 3    2     2     -0.1059E-03   0.1581E-21
 3    2     1      0.2526E-18  -0.2512E-04
 3    2     0     -0.1848E-01    0.000    
 3    4     4      0.2914E-06    0.000    
 3    4     3     -0.4040E-20   0.1611E-06
 3    4     2      0.3678E-04   0.1500E-22
 3    4     1      0.5702E-19   0.3607E-04
 3    4     0      0.1457E-01    0.000    

 4    0     0      0.1415E-02    0.000    
 4    2     2     -0.1291E-05  -0.3321E-20
 4    2     1      0.2404E-21  -0.1573E-05
 4    2     0     -0.7136E-03    0.000    
 4    4     4     -0.6161E-08   0.1842E-25
 4    4     3     -0.1115E-21  -0.9888E-08
 4    4     2      0.2898E-06  -0.1171E-21
 4    4     1     -0.4071E-20   0.2195E-05
 4    4     0      0.5465E-03    0.000    

 5    0     0      0.2983E-04    0.000    
 5    2     2      0.1272E-06  -0.1040E-23
 5    2     1      0.2666E-23  -0.4321E-07
 5    2     0     -0.1498E-04    0.000    
 5    4     4     -0.1151E-08  -0.3100E-26
 5    4     3      0.1357E-26  -0.1081E-08
 5    4     2     -0.8637E-07   0.1337E-21
 5    4     1     -0.1258E-21   0.5976E-07
 5    4     0      0.1136E-04    0.000    

 6    0     0      0.3921E-06    0.000    
 6    2     2      0.5168E-08   0.6865E-25
 6    2     1      0.7391E-25  -0.6848E-09
 6    2     0     -0.1965E-06    0.000    
 6    4     4     -0.3254E-10   0.1649E-25
 6    4     3      0.9246E-27  -0.3448E-10
 6    4     2     -0.3329E-08   0.5649E-24
 6    4     1     -0.2611E-23   0.9428E-09
 6    4     0      0.1483E-06    0.000    

 7    0     0      0.3567E-08    0.000    
 7    2     2      0.9537E-10  -0.1851E-26
 7    2     1      0.1061E-25  -0.7164E-11
 7    2     0     -0.1786E-08    0.000    
 7    4     4     -0.3418E-12  -0.2615E-29
 7    4     3     -0.9774E-28  -0.6379E-12
 7    4     2     -0.6105E-10   0.1660E-26
 7    4     1     -0.6371E-25   0.9838E-11
 7    4     0      0.1343E-08    0.000    

 8    0     0      0.2964E-02    0.000    

 9    0     0      0.4387E-03    0.000    
 9    2     2      0.2336E-05    0.000    
 9    2     1     -0.8878E-22   0.1697E-04
 9    2     0     -0.2332E-03    0.000    
 9    4     4      0.8616E-08    0.000    
 9    4     3       0.000      -0.3066E-07
 9    4     2     -0.8482E-06    0.000    
 9    4     1     -0.7399E-22  -0.3107E-04
 9    4     0      0.2302E-03    0.000    

10    0     0      0.2406E-03    0.000    
10    2     2      0.2049E-05  -0.1359E-22
10    2     1      0.5804E-20   0.3317E-06
10    2     0     -0.1222E-03    0.000    
10    4     4     -0.6931E-08    0.000    
10    4     3     -0.2285E-22  -0.3347E-07
10    4     2     -0.1319E-05  -0.2663E-23
10    4     1      0.9424E-21  -0.4967E-06
10    4     0      0.9567E-04    0.000    

11    0     0      0.2408E-02    0.000    
11    2     2      0.6380E-05    0.000    
11    2     1      0.3670E-20   0.9623E-05
11    2     0     -0.1280E-02    0.000    
11    4     4      0.1158E-07    0.000    
11    4     3       0.000      -0.4165E-06
11    4     2     -0.9929E-05    0.000    
11    4     1      0.5209E-20  -0.1867E-04
11    4     0      0.1262E-02    0.000    

12    0     0      0.1202E-03    0.000    
12    2     2      0.6266E-06   0.3821E-24
12    2     1      0.2099E-20   0.4655E-06
12    2     0     -0.6109E-04    0.000    
12    4     4     -0.2729E-08    0.000    
12    4     3     -0.2532E-22  -0.8430E-08
12    4     2     -0.4431E-06   0.1041E-23
12    4     1      0.2218E-21  -0.6740E-06
12    4     0      0.4791E-04    0.000    
1   C L X  8 4   55 MeV 16O-->152Sm (target ex.)         


 THE ANGULAR DISTRIBUTION TENSORS RHOC(N,KA,KAPPA)

 N   KA   KAPPA    REAL RHOC    IMAG RHOC 

 2    0     0      0.3720        0.000    
 2    2     2     -0.1931E-02  -0.1570E-19
 2    2     1     -0.3770E-01  -0.9915E-19
 2    2     0     -0.1915        0.000    
 2    4     4      0.8697E-04   0.2916E-21
 2    4     3      0.1309E-02   0.3906E-20
 2    4     2      0.1182E-01   0.2626E-19
 2    4     1      0.6538E-01   0.7700E-19
 2    4     0      0.1751        0.000    

 3    0     0      0.3626E-01    0.000    
 3    2     2     -0.1683E-03  -0.3935E-19
 3    2     1     -0.3489E-02  -0.2495E-18
 3    2     0     -0.1780E-01  -0.1087E-35
 3    4     4      0.3578E-05  -0.1081E-20
 3    4     3      0.6951E-04  -0.6501E-20
 3    4     2      0.7771E-03  -0.1723E-19
 3    4     1      0.4800E-02  -0.5411E-19
 3    4     0      0.1285E-01   0.4761E-36

 4    0     0      0.1415E-02    0.000    
 4    2     2     -0.9176E-05  -0.3318E-20
 4    2     1     -0.1337E-03   0.2822E-21
 4    2     0     -0.6879E-03    0.000    
 4    4     4      0.1460E-06  -0.1340E-22
 4    4     3      0.2864E-05   0.5816E-22
 4    4     2      0.2988E-04   0.1238E-20
 4    4     1      0.1790E-03   0.3881E-20
 4    4     0      0.4825E-03  -0.8650E-37

 5    0     0      0.2983E-04    0.000    
 5    2     2     -0.3435E-06  -0.1444E-23
 5    2     1     -0.2775E-05  -0.2471E-23
 5    2     0     -0.1445E-04  -0.1435E-40
 5    4     4      0.4751E-08   0.4730E-23
 5    4     3      0.8432E-07   0.4373E-22
 5    4     2      0.7004E-06   0.1613E-21
 5    4     1      0.3681E-05   0.7580E-22
 5    4     0      0.1005E-04   0.8910E-38

 6    0     0      0.3921E-06    0.000    
 6    2     2     -0.7944E-08   0.5625E-25
 6    2     1     -0.3574E-07  -0.8374E-25
 6    2     0     -0.1897E-06   0.5381E-42
 6    4     4      0.1103E-09   0.1153E-25
 6    4     3      0.1699E-08   0.2889E-24
 6    4     2      0.1109E-07   0.1351E-23
 6    4     1      0.4722E-07   0.2286E-23
 6    4     0      0.1315E-06   0.6750E-40

 7    0     0      0.3567E-08    0.000    
 7    2     2     -0.1199E-09  -0.3489E-26
 7    2     1     -0.3164E-09  -0.1019E-25
 7    2     0     -0.1726E-08  -0.5605E-44
 7    4     4      0.1866E-11   0.2625E-27
 7    4     3      0.2375E-10   0.3432E-26
 7    4     2      0.1281E-09   0.2207E-25
 7    4     1      0.4172E-09   0.5969E-25
 7    4     0      0.1196E-08  -0.8961E-43

 8    0     0      0.2964E-02    0.000    
 8    2     2       0.000       0.6177-314
 8    2     1       0.000        0.000    
 8    2     0       0.000        0.000    
 8    4     4      0.7817-309  -0.4969-227
 8    4     3       0.000      -0.3300-231
 8    4     2       0.000       0.1020-306
 8    4     1     -0.3435-231    0.000    
 8    4     0       0.000        0.000    

 9    0     0      0.4387E-03    0.000    
 9    2     2     -0.8424E-05   0.1389E-22
 9    2     1     -0.5991E-04   0.8769E-22
 9    2     0     -0.2183E-03    0.000    
 9    4     4      0.2109E-06   0.2649E-24
 9    4     3      0.2956E-05   0.3548E-23
 9    4     2      0.2336E-04   0.2385E-22
 9    4     1      0.1016E-03   0.6994E-22
 9    4     0      0.1822E-03    0.000    

10    0     0      0.2406E-03    0.000    
10    2     2     -0.3907E-05  -0.9214E-21
10    2     1     -0.2312E-04  -0.5730E-20
10    2     0     -0.1177E-03  -0.8428E-37
10    4     4      0.5985E-07  -0.8422E-23
10    4     3      0.9004E-06  -0.6728E-22
10    4     2      0.6749E-05  -0.2998E-21
10    4     1      0.3164E-04  -0.8912E-21
10    4     0      0.8404E-04  -0.3609E-37

11    0     0      0.2408E-02    0.000    
11    2     2     -0.2697E-04  -0.5741E-21
11    2     1     -0.2503E-03  -0.3624E-20
11    2     0     -0.1229E-02    0.000    
11    4     4      0.6996E-06  -0.1865E-22
11    4     3      0.1034E-04  -0.2498E-21
11    4     2      0.8602E-04  -0.1679E-20
11    4     1      0.4297E-03  -0.4924E-20
11    4     0      0.1100E-02    0.000    

12    0     0      0.1202E-03    0.000    
12    2     2     -0.1606E-05  -0.3280E-21
12    2     1     -0.1191E-04  -0.2074E-20
12    2     0     -0.5869E-04   0.5359E-38
12    4     4      0.2706E-07  -0.6260E-23
12    4     3      0.4173E-06  -0.3398E-22
12    4     2      0.3313E-05  -0.6343E-22
12    4     1      0.1626E-04  -0.2113E-21
12    4     0      0.4178E-04   0.6842E-38
